This is pdfTeX, Version 3.1415926-2.4-1.40.13 (TeX Live 2012/Debian) (format=pdflatex 2013.6.12)  19 JAN 2014 13:52
entering extended mode
 restricted \write18 enabled.
 %&-line parsing enabled.
**Numbers.tex
(./Numbers.tex
LaTeX2e <2011/06/27>
Babel <v3.8m> and hyphenation patterns for english, dumylang, nohyphenation, lo
aded.
(/usr/share/texlive/texmf-dist/tex/latex/base/article.cls
Document Class: article 2007/10/19 v1.4h Standard LaTeX document class
(/usr/share/texlive/texmf-dist/tex/latex/base/size10.clo
File: size10.clo 2007/10/19 v1.4h Standard LaTeX file (size option)
)
\c@part=\count79
\c@section=\count80
\c@subsection=\count81
\c@subsubsection=\count82
\c@paragraph=\count83
\c@subparagraph=\count84
\c@figure=\count85
\c@table=\count86
\abovecaptionskip=\skip41
\belowcaptionskip=\skip42
\bibindent=\dimen102
) (./Numbers.aux)
\openout1 = `Numbers.aux'.

LaTeX Font Info:    Checking defaults for OML/cmm/m/it on input line 2.
LaTeX Font Info:    ... okay on input line 2.
LaTeX Font Info:    Checking defaults for T1/cmr/m/n on input line 2.
LaTeX Font Info:    ... okay on input line 2.
LaTeX Font Info:    Checking defaults for OT1/cmr/m/n on input line 2.
LaTeX Font Info:    ... okay on input line 2.
LaTeX Font Info:    Checking defaults for OMS/cmsy/m/n on input line 2.
LaTeX Font Info:    ... okay on input line 2.
LaTeX Font Info:    Checking defaults for OMX/cmex/m/n on input line 2.
LaTeX Font Info:    ... okay on input line 2.
LaTeX Font Info:    Checking defaults for U/cmr/m/n on input line 2.
LaTeX Font Info:    ... okay on input line 2.

[1

{/var/lib/texmf/fonts/map/pdftex/updmap/pdftex.map}]
Overfull \hbox (242.99487pt too wide) in paragraph at lines 190--190
[]\OT1/cmtt/m/n/10 ot <- c(61,50,33,44,43,28,29,5,39,34,37,35,34,39,13,19,9,41,
101,29,10,8,73,72,8,59,19,11,6,9,3,4,7,3,4,4,2,12,3)[] 
 []

[2]
Overfull \hbox (32.9967pt too wide) in paragraph at lines 190--190
[]\OT1/cmtt/m/n/10 nt <- c(45,30,47,34,44,19,18,12,7,7,6,5,4,3,5,4,2,2,15,5,5,4
,6,1,1,2,20)[] 
 []

[3] [4] [5] (./Numbers.aux) ) 
Here is how much of TeX's memory you used:
 216 strings out of 495059
 2304 string characters out of 3182030
 57977 words of memory out of 3000000
 3480 multiletter control sequences out of 15000+200000
 5672 words of font info for 21 fonts, out of 3000000 for 9000
 14 hyphenation exceptions out of 8191
 23i,4n,18p,154b,243s stack positions out of 5000i,500n,10000p,200000b,50000s
</usr/share/texlive/texmf-dist/fonts/type1/public/
amsfonts/cm/cmbx10.pfb></usr/share/texlive/texmf-dist/fonts/type1/public/amsfon
ts/cm/cmbx12.pfb></usr/share/texlive/texmf-dist/fonts/type1/public/amsfonts/cm/
cmr10.pfb></usr/share/texlive/texmf-dist/fonts/type1/public/amsfonts/cm/cmti10.
pfb></usr/share/texlive/texmf-dist/fonts/type1/public/amsfonts/cm/cmtt10.pfb>
Output written on Numbers.pdf (5 pages, 72654 bytes).
PDF statistics:
 40 PDF objects out of 1000 (max. 8388607)
 27 compressed objects within 1 object stream
 0 named destinations out of 1000 (max. 500000)
 1 words of extra memory for PDF output out of 10000 (max. 10000000)

